\BOOKMARK [1][-]{section.1}{Grundlagen Elektrotechnik}{}% 1
\BOOKMARK [2][-]{subsection.1.1}{Schaltelemente}{section.1}% 2
\BOOKMARK [2][-]{subsection.1.2}{Schaltvorg\344nge}{section.1}% 3
\BOOKMARK [1][-]{section.2}{Schwingkreise}{}% 4
\BOOKMARK [2][-]{subsection.2.1}{Freie Schwingung}{section.2}% 5
\BOOKMARK [3][-]{subsubsection.2.1.1}{Ermittelung der Konstanten}{subsection.2.1}% 6
\BOOKMARK [3][-]{subsubsection.2.1.2}{Formeln}{subsection.2.1}% 7
\BOOKMARK [3][-]{subsubsection.2.1.3}{Kurvendiskusion}{subsection.2.1}% 8
\BOOKMARK [2][-]{subsection.2.2}{erzwungene Schwingung}{section.2}% 9
\BOOKMARK [3][-]{subsubsection.2.2.1}{Formeln}{subsection.2.2}% 10
\BOOKMARK [3][-]{subsubsection.2.2.2}{Normierter Frequenzgang}{subsection.2.2}% 11
\BOOKMARK [1][-]{section.3}{Reaktanz-Eintore}{}% 12
\BOOKMARK [2][-]{subsection.3.1}{Grundelemente}{section.3}% 13
\BOOKMARK [2][-]{subsection.3.2}{Eigenschaften}{section.3}% 14
\BOOKMARK [2][-]{subsection.3.3}{Minimum-Reaktanz-Eintore MRET}{section.3}% 15
\BOOKMARK [2][-]{subsection.3.4}{Bestimmung des RET-Types}{section.3}% 16
\BOOKMARK [2][-]{subsection.3.5}{RET-Synthese}{section.3}% 17
\BOOKMARK [3][-]{subsubsection.3.5.1}{Mittels Partialbruchzerlegung}{subsection.3.5}% 18
\BOOKMARK [3][-]{subsubsection.3.5.2}{Mittels Kettenbruchzerlegung}{subsection.3.5}% 19
\BOOKMARK [2][-]{subsection.3.6}{\304quivalenz}{section.3}% 20
\BOOKMARK [1][-]{section.4}{Zweitore}{}% 21
\BOOKMARK [2][-]{subsection.4.1}{Matrizen}{section.4}% 22
\BOOKMARK [2][-]{subsection.4.2}{Leerlauf und Kurzschluss am Zweitor}{section.4}% 23
\BOOKMARK [2][-]{subsection.4.3}{Ersatzschaltungen}{section.4}% 24
\BOOKMARK [2][-]{subsection.4.4}{Zusammenschaltung von Zweitoren}{section.4}% 25
\BOOKMARK [1][-]{section.5}{Netzwerke und Systeme}{}% 26
\BOOKMARK [2][-]{subsection.5.1}{Duale Netzwerke}{section.5}% 27
\BOOKMARK [2][-]{subsection.5.2}{Netzwerkfunktionen}{section.5}% 28
\BOOKMARK [2][-]{subsection.5.3}{Pol und Ortskurve des Parallelschwingkreis}{section.5}% 29
\BOOKMARK [2][-]{subsection.5.4}{Freie Schwingung - Allgemeine L\366sung}{section.5}% 30
\BOOKMARK [1][-]{section.6}{Leitungstheorie}{}% 31
\BOOKMARK [2][-]{subsection.6.1}{Modell einer Leitung}{section.6}% 32
\BOOKMARK [2][-]{subsection.6.2}{Wellengleichung}{section.6}% 33
\BOOKMARK [2][-]{subsection.6.3}{Reflexion}{section.6}% 34
\BOOKMARK [2][-]{subsection.6.4}{Leitung als Zweitor}{section.6}% 35
\BOOKMARK [2][-]{subsection.6.5}{Verlustlose Leitung}{section.6}% 36
\BOOKMARK [3][-]{subsubsection.6.5.1}{Stehwellenverh\344ltnis}{subsection.6.5}% 37
\BOOKMARK [3][-]{subsubsection.6.5.2}{Smith Chart}{subsection.6.5}% 38
